# JRE version: OpenJDK Runtime Environment (8.0_112-b06) (build 1.8.0_112-release-b06)
# Java VM: OpenJDK 64-Bit Server VM (25.112-b06 mixed mode linux-amd64 compressed oops)
Heap:
 PSYoungGen      total 380416K, used 39614K [0x00000000e0000000, 0x00000000faa80000, 0x0000000100000000)
  eden space 331264K, 0% used [0x00000000e0000000,0x00000000e0000000,0x00000000f4380000)
  from space 49152K, 80% used [0x00000000f4380000,0x00000000f6a2faa8,0x00000000f7380000)
  to   space 46080K, 0% used [0x00000000f7380000,0x00000000f7380000,0x00000000fa080000)
 ParOldGen       total 171008K, used 149766K [0x00000000a0000000, 0x00000000aa700000, 0x00000000e0000000)
  object space 171008K, 87% used [0x00000000a0000000,0x00000000a9241b08,0x00000000aa700000)
 Metaspace       used 77356K, capacity 80694K, committed 81240K, reserved 1120256K
  class space    used 9868K, capacity 10505K, committed 10584K, reserved 1048576K
GC Heap History (10 events):
Event: 2036.865 GC heap after
Heap after GC invocations=24 (full 3):
 PSYoungGen      total 232448K, used 19433K [0x00000000e0000000, 0x00000000f3a00000, 0x0000000100000000)
  eden space 212992K, 0% used [0x00000000e0000000,0x00000000e0000000,0x00000000ed000000)
  from space 19456K, 99% used [0x00000000ed000000,0x00000000ee2fa4c0,0x00000000ee300000)
  to   space 27648K, 0% used [0x00000000f1f00000,0x00000000f1f00000,0x00000000f3a00000)
 ParOldGen       total 100352K, used 72140K [0x00000000a0000000, 0x00000000a6200000, 0x00000000e0000000)
  object space 100352K, 71% used [0x00000000a0000000,0x00000000a4673260,0x00000000a6200000)
 Metaspace       used 76826K, capacity 80308K, committed 80472K, reserved 1120256K
  class space    used 9895K, capacity 10558K, committed 10584K, reserved 1048576K
}
Event: 2037.695 GC heap before
{Heap before GC invocations=25 (full 3):
 PSYoungGen      total 232448K, used 232425K [0x00000000e0000000, 0x00000000f3a00000, 0x0000000100000000)
  eden space 212992K, 100% used [0x00000000e0000000,0x00000000ed000000,0x00000000ed000000)
  from space 19456K, 99% used [0x00000000ed000000,0x00000000ee2fa4c0,0x00000000ee300000)
  to   space 27648K, 0% used [0x00000000f1f00000,0x00000000f1f00000,0x00000000f3a00000)
 ParOldGen       total 100352K, used 72140K [0x00000000a0000000, 0x00000000a6200000, 0x00000000e0000000)
  object space 100352K, 71% used [0x00000000a0000000,0x00000000a4673260,0x00000000a6200000)
 Metaspace       used 76916K, capacity 80372K, committed 80472K, reserved 1120256K
  class space    used 9895K, capacity 10558K, committed 10584K, reserved 1048576K
Event: 2037.775 GC heap after
Heap after GC invocations=25 (full 3):
 PSYoungGen      total 281600K, used 27644K [0x00000000e0000000, 0x00000000f5900000, 0x0000000100000000)
  eden space 253952K, 0% used [0x00000000e0000000,0x00000000e0000000,0x00000000ef800000)
  from space 27648K, 99% used [0x00000000f1f00000,0x00000000f39ff1a0,0x00000000f3a00000)
  to   space 39936K, 0% used [0x00000000ef800000,0x00000000ef800000,0x00000000f1f00000)
 ParOldGen       total 100352K, used 93163K [0x00000000a0000000, 0x00000000a6200000, 0x00000000e0000000)
  object space 100352K, 92% used [0x00000000a0000000,0x00000000a5afaeb0,0x00000000a6200000)
 Metaspace       used 76916K, capacity 80372K, committed 80472K, reserved 1120256K
  class space    used 9895K, capacity 10558K, committed 10584K, reserved 1048576K
}
Event: 2037.810 GC heap before
{Heap before GC invocations=26 (full 4):
 PSYoungGen      total 281600K, used 27644K [0x00000000e0000000, 0x00000000f5900000, 0x0000000100000000)
  eden space 253952K, 0% used [0x00000000e0000000,0x00000000e0000000,0x00000000ef800000)
  from space 27648K, 99% used [0x00000000f1f00000,0x00000000f39ff1a0,0x00000000f3a00000)
  to   space 39936K, 0% used [0x00000000ef800000,0x00000000ef800000,0x00000000f1f00000)
 ParOldGen       total 100352K, used 93163K [0x00000000a0000000, 0x00000000a6200000, 0x00000000e0000000)
  object space 100352K, 92% used [0x00000000a0000000,0x00000000a5afaeb0,0x00000000a6200000)
 Metaspace       used 76916K, capacity 80372K, committed 80472K, reserved 1120256K
  class space    used 9895K, capacity 10558K, committed 10584K, reserved 1048576K
Event: 2038.391 GC heap after
Heap after GC invocations=26 (full 4):
 PSYoungGen      total 281600K, used 2548K [0x00000000e0000000, 0x00000000f5900000, 0x0000000100000000)
  eden space 253952K, 0% used [0x00000000e0000000,0x00000000e0000000,0x00000000ef800000)
  from space 27648K, 9% used [0x00000000f1f00000,0x00000000f217d148,0x00000000f3a00000)
  to   space 39936K, 0% used [0x00000000ef800000,0x00000000ef800000,0x00000000f1f00000)
 ParOldGen       total 171008K, used 100285K [0x00000000a0000000, 0x00000000aa700000, 0x00000000e0000000)
  object space 171008K, 58% used [0x00000000a0000000,0x00000000a61ef4c8,0x00000000aa700000)
 Metaspace       used 76749K, capacity 80054K, committed 80472K, reserved 1120256K
  class space    used 9863K, capacity 10505K, committed 10584K, reserved 1048576K
}
Event: 2039.107 GC heap before
{Heap before GC invocations=27 (full 4):
 PSYoungGen      total 281600K, used 256500K [0x00000000e0000000, 0x00000000f5900000, 0x0000000100000000)
  eden space 253952K, 100% used [0x00000000e0000000,0x00000000ef800000,0x00000000ef800000)
  from space 27648K, 9% used [0x00000000f1f00000,0x00000000f217d148,0x00000000f3a00000)
  to   space 39936K, 0% used [0x00000000ef800000,0x00000000ef800000,0x00000000f1f00000)
 ParOldGen       total 171008K, used 100285K [0x00000000a0000000, 0x00000000aa700000, 0x00000000e0000000)
  object space 171008K, 58% used [0x00000000a0000000,0x00000000a61ef4c8,0x00000000aa700000)
 Metaspace       used 76787K, capacity 80054K, committed 80472K, reserved 1120256K
  class space    used 9864K, capacity 10505K, committed 10584K, reserved 1048576K
Event: 2039.211 GC heap after
Heap after GC invocations=27 (full 4):
 PSYoungGen      total 293888K, used 39685K [0x00000000e0000000, 0x00000000fa080000, 0x0000000100000000)
  eden space 253952K, 0% used [0x00000000e0000000,0x00000000e0000000,0x00000000ef800000)
  from space 39936K, 99% used [0x00000000ef800000,0x00000000f1ec17d8,0x00000000f1f00000)
  to   space 46080K, 0% used [0x00000000f7380000,0x00000000f7380000,0x00000000fa080000)
 ParOldGen       total 171008K, used 100837K [0x00000000a0000000, 0x00000000aa700000, 0x00000000e0000000)
  object space 171008K, 58% used [0x00000000a0000000,0x00000000a62794c8,0x00000000aa700000)
 Metaspace       used 76787K, capacity 80054K, committed 80472K, reserved 1120256K
  class space    used 9864K, capacity 10505K, committed 10584K, reserved 1048576K
}
Event: 2040.127 GC heap before
{Heap before GC invocations=28 (full 4):
 PSYoungGen      total 293888K, used 293637K [0x00000000e0000000, 0x00000000fa080000, 0x0000000100000000)
  eden space 253952K, 100% used [0x00000000e0000000,0x00000000ef800000,0x00000000ef800000)
  from space 39936K, 99% used [0x00000000ef800000,0x00000000f1ec17d8,0x00000000f1f00000)
  to   space 46080K, 0% used [0x00000000f7380000,0x00000000f7380000,0x00000000fa080000)
 ParOldGen       total 171008K, used 100837K [0x00000000a0000000, 0x00000000aa700000, 0x00000000e0000000)
  object space 171008K, 58% used [0x00000000a0000000,0x00000000a62794c8,0x00000000aa700000)
 Metaspace       used 76965K, capacity 80310K, committed 80728K, reserved 1120256K
  class space    used 9866K, capacity 10505K, committed 10584K, reserved 1048576K
Event: 2040.248 GC heap after
Heap after GC invocations=28 (full 4):
 PSYoungGen      total 377344K, used 34337K [0x00000000e0000000, 0x00000000faa80000, 0x0000000100000000)
  eden space 331264K, 0% used [0x00000000e0000000,0x00000000e0000000,0x00000000f4380000)
  from space 46080K, 74% used [0x00000000f7380000,0x00000000f9508738,0x00000000fa080000)
  to   space 49152K, 0% used [0x00000000f4380000,0x00000000f4380000,0x00000000f7380000)
 ParOldGen       total 171008K, used 133887K [0x00000000a0000000, 0x00000000aa700000, 0x00000000e0000000)
  object space 171008K, 78% used [0x00000000a0000000,0x00000000a82bfe40,0x00000000aa700000)
 Metaspace       used 76965K, capacity 80310K, committed 80728K, reserved 1120256K
  class space    used 9866K, capacity 10505K, committed 10584K, reserved 1048576K
}
Event: 2042.673 GC heap before
{Heap before GC invocations=29 (full 4):
 PSYoungGen      total 377344K, used 365601K [0x00000000e0000000, 0x00000000faa80000, 0x0000000100000000)
  eden space 331264K, 100% used [0x00000000e0000000,0x00000000f4380000,0x00000000f4380000)
  from space 46080K, 74% used [0x00000000f7380000,0x00000000f9508738,0x00000000fa080000)
  to   space 49152K, 0% used [0x00000000f4380000,0x00000000f4380000,0x00000000f7380000)
 ParOldGen       total 171008K, used 133887K [0x00000000a0000000, 0x00000000aa700000, 0x00000000e0000000)
  object space 171008K, 78% used [0x00000000a0000000,0x00000000a82bfe40,0x00000000aa700000)
 Metaspace       used 77356K, capacity 80694K, committed 81240K, reserved 1120256K
  class space    used 9868K, capacity 10505K, committed 10584K, reserved 1048576K

